<?xml version="1.0" encoding="UTF-8"?>
<!-- Generated by org.testng.reporters.JUnitReportReporter -->
<testsuite skipped="0" hostname="JECA" name="tests.TestUsersPage" tests="3" failures="0" timestamp="08 Jun 2021 18:42:30 GMT" time="13.958" errors="0">
  <testcase name="testIcons" time="9.414" classname="tests.TestUsersPage"/>
  <testcase name="testStaffIcon" time="2.324" classname="tests.TestUsersPage"/>
  <testcase name="testAvailIcon" time="2.220" classname="tests.TestUsersPage"/>
</testsuite> <!-- tests.TestUsersPage -->
