<?xml version="1.0" encoding="UTF-8"?>
<!-- Generated by org.testng.reporters.JUnitReportReporter -->
<testsuite skipped="0" hostname="JECA" name="tests.TestStaffPage" tests="3" failures="0" timestamp="08 Jun 2021 18:42:04 GMT" time="42.455" errors="0">
  <testcase name="testAddNewMember" time="12.035" classname="tests.TestStaffPage"/>
  <testcase name="testAddSeveralMember" time="22.528" classname="tests.TestStaffPage"/>
  <testcase name="testChangeName" time="7.892" classname="tests.TestStaffPage"/>
</testsuite> <!-- tests.TestStaffPage -->
