<?xml version="1.0" encoding="UTF-8"?>
<!-- Generated by org.testng.reporters.JUnitReportReporter -->
<testsuite skipped="0" hostname="JECA" name="tests.TestProfile" tests="2" failures="0" timestamp="08 Jun 2021 18:45:27 GMT" time="15.419" errors="0">
  <testcase name="testChangeusername" time="10.143" classname="tests.TestProfile"/>
  <testcase name="testChangeRate" time="5.276" classname="tests.TestProfile"/>
</testsuite> <!-- tests.TestProfile -->
