<?xml version="1.0" encoding="UTF-8"?>
<!-- Generated by org.testng.reporters.JUnitReportReporter -->
<testsuite skipped="0" hostname="JECA" name="tests.TestSettings" tests="4" failures="0" timestamp="08 Jun 2021 18:41:09 GMT" time="23.431" errors="0">
  <testcase name="testLanguage" time="13.947" classname="tests.TestSettings"/>
  <testcase name="testEmailNotifications" time="3.442" classname="tests.TestSettings"/>
  <testcase name="testSmsNotifications" time="2.913" classname="tests.TestSettings"/>
  <testcase name="testPushNotifications" time="3.129" classname="tests.TestSettings"/>
</testsuite> <!-- tests.TestSettings -->
