<?xml version="1.0" encoding="UTF-8"?>
<!-- Generated by org.testng.reporters.JUnitReportReporter -->
<testsuite skipped="0" hostname="JECA" name="tests.TestAboutUs" tests="2" failures="0" timestamp="08 Jun 2021 18:38:09 GMT" time="7.467" errors="0">
  <testcase name="testScreenshot" time="0.421" classname="tests.TestAboutUs"/>
  <testcase name="testAboutUsLink" time="7.046" classname="tests.TestAboutUs"/>
</testsuite> <!-- tests.TestAboutUs -->
