<?xml version="1.0" encoding="UTF-8"?>
<!-- Generated by org.testng.reporters.JUnitReportReporter -->
<testsuite skipped="0" hostname="JECA" name="tests.TestChangeStaff" tests="1" failures="0" timestamp="04 Jun 2021 20:12:14 GMT" time="14.664" errors="0">
  <testcase name="testChangeName" time="14.664" classname="tests.TestChangeStaff"/>
</testsuite> <!-- tests.TestChangeStaff -->
