<?xml version="1.0" encoding="UTF-8"?>
<!-- Generated by org.testng.reporters.JUnitReportReporter -->
<testsuite skipped="0" hostname="JECA" name="tests.TestLogin" tests="2" failures="0" timestamp="08 Jun 2021 18:38:39 GMT" time="15.144" errors="0">
  <testcase name="testClickLoginLink" time="6.733" classname="tests.TestLogin"/>
  <testcase name="testLoginForm" time="8.411" classname="tests.TestLogin"/>
</testsuite> <!-- tests.TestLogin -->
